{
  "RSpec": {
    "coverage": {
      "/home/saasbook/saas_final_pro/accPro/app/controllers/application_controller.rb": [
        1,
        1,
        null
      ],
      "/home/saasbook/saas_final_pro/accPro/app/helpers/application_helper.rb": [
        1,
        null
      ],
      "/home/saasbook/saas_final_pro/accPro/app/helpers/accounts_helper.rb": [
        1,
        null
      ],
      "/home/saasbook/saas_final_pro/accPro/app/helpers/transactions_helper.rb": [
        1,
        null
      ],
      "/home/saasbook/saas_final_pro/accPro/app/controllers/accounts_controller.rb": [
        1,
        null,
        1,
        null,
        null,
        null,
        1,
        1,
        null,
        null,
        1,
        1,
        null,
        null,
        1,
        1,
        null,
        null,
        1,
        3,
        3,
        3,
        null,
        null,
        1,
        1,
        null,
        null,
        1,
        0,
        0,
        0,
        null,
        null
      ],
      "/home/saasbook/saas_final_pro/accPro/app/models/account.rb": [
        1,
        1,
        1,
        null,
        1,
        5,
        null,
        null,
        1,
        2,
        2,
        2,
        2,
        10,
        null,
        null,
        2,
        null,
        null
      ],
      "/home/saasbook/saas_final_pro/accPro/app/controllers/transactions_controller.rb": [
        1,
        1,
        null,
        1,
        null,
        1,
        2,
        null,
        null,
        1,
        1,
        null,
        null,
        1,
        1,
        1,
        10,
        null,
        1,
        1,
        null,
        null,
        null,
        1,
        4,
        4,
        4,
        4,
        4,
        null,
        3,
        null,
        1,
        null,
        null,
        null,
        1,
        1,
        1,
        null,
        null
      ],
      "/home/saasbook/saas_final_pro/accPro/app/models/transaction.rb": [
        1,
        1,
        1,
        null,
        1,
        1,
        1,
        null,
        1,
        10,
        9,
        9,
        9,
        9,
        9,
        9,
        null,
        1,
        null,
        null,
        null,
        1,
        11,
        11,
        11,
        11,
        11,
        11,
        11,
        1,
        null,
        null,
        null
      ]
    },
    "timestamp": 1422296563
  },
  "Cucumber Features": {
    "coverage": {
      "/home/saasbook/workspace/project_test/app/controllers/application_controller.rb": [
        1,
        1,
        null
      ],
      "/home/saasbook/workspace/project_test/app/helpers/application_helper.rb": [
        1,
        null
      ],
      "/home/saasbook/workspace/project_test/app/helpers/accounts_helper.rb": [
        1,
        null
      ],
      "/home/saasbook/workspace/project_test/app/helpers/transactions_helper.rb": [
        1,
        null
      ],
      "/home/saasbook/workspace/project_test/app/controllers/accounts_controller.rb": [
        1,
        null,
        1,
        null,
        null,
        null,
        1,
        5,
        null,
        null,
        1,
        2,
        null,
        null,
        1,
        3,
        null,
        null,
        1,
        1,
        1,
        1,
        null,
        null,
        1,
        0,
        null,
        null,
        1,
        0,
        0,
        0,
        null,
        null
      ],
      "/home/saasbook/workspace/project_test/app/models/account.rb": [
        1,
        1,
        1,
        null,
        1,
        0,
        null,
        null,
        1,
        0,
        0,
        0,
        0,
        0,
        null,
        null,
        0,
        null,
        null
      ],
      "/home/saasbook/workspace/project_test/app/controllers/transactions_controller.rb": [
        1,
        1,
        null,
        1,
        null,
        1,
        7,
        null,
        null,
        1,
        1,
        null,
        null,
        1,
        10,
        10,
        22,
        null,
        10,
        10,
        null,
        null,
        null,
        1,
        2,
        2,
        2,
        2,
        2,
        null,
        1,
        null,
        1,
        null,
        null,
        null,
        1,
        1,
        1,
        null,
        null
      ],
      "/home/saasbook/workspace/project_test/app/models/transaction.rb": [
        1,
        1,
        1,
        null,
        1,
        1,
        1,
        null,
        1,
        5,
        4,
        4,
        4,
        4,
        4,
        4,
        null,
        1,
        null,
        null,
        null,
        1,
        5,
        5,
        5,
        5,
        5,
        5,
        5,
        1,
        null,
        null,
        null
      ]
    },
    "timestamp": 1422394823
  }
}
